<?xml version="1.0" encoding="UTF-8"?>
<!-- Generated by org.testng.reporters.JUnitReportReporter -->
<testsuite skipped="0" hostname="DESKTOP-PPOL0UJ" name="restApi.RestApi" tests="1" failures="0" timestamp="11 May 2022 21:20:40 GMT" time="2.644" errors="0">
  <testcase name="getRequest" time="2.644" classname="restApi.RestApi"/>
</testsuite> <!-- restApi.RestApi -->
