<?xml version="1.0" encoding="UTF-8"?>
<!-- Generated by org.testng.reporters.JUnitReportReporter -->
<testsuite skipped="0" hostname="DESKTOP-PPOL0UJ" name="restApi.PostEmp" tests="1" failures="0" timestamp="12 May 2022 03:15:35 GMT" time="4.947" errors="0">
  <testcase name="postEmp" time="4.947" classname="restApi.PostEmp"/>
</testsuite> <!-- restApi.PostEmp -->
