<?xml version="1.0" encoding="UTF-8"?>
<!-- Generated by org.testng.reporters.JUnitReportReporter -->
<testsuite skipped="0" hostname="DESKTOP-PPOL0UJ" name="restApi.UpdatePutEmp" tests="1" failures="0" timestamp="12 May 2022 14:37:25 GMT" time="2.803" errors="0">
  <testcase name="updatemeth" time="2.803" classname="restApi.UpdatePutEmp"/>
</testsuite> <!-- restApi.UpdatePutEmp -->
