<?xml version="1.0" encoding="UTF-8"?>
<!-- Generated by org.testng.reporters.JUnitReportReporter -->
<testsuite skipped="0" hostname="DESKTOP-PPOL0UJ" name="restApi.DeleteEmp" tests="1" failures="0" timestamp="12 May 2022 14:53:58 GMT" time="1.859" errors="0">
  <testcase name="deleteEmp" time="1.859" classname="restApi.DeleteEmp"/>
</testsuite> <!-- restApi.DeleteEmp -->
